{"level":"error","message":"unrecognized option to $unwind stage: preserveNullAndEmpty - GET /api/laptop/dashboard?page=1","timestamp":"2026-03-10T15:10:32.352Z"}
{"level":"error","message":"unrecognized option to $unwind stage: preserveNullAndEmpty - GET /api/laptop/dashboard?page=1","timestamp":"2026-03-10T15:10:32.383Z"}
{"level":"error","message":"unrecognized option to $unwind stage: preserveNullAndEmpty - GET /api/laptop/dashboard?status=maintenance&page=1","timestamp":"2026-03-10T15:10:40.493Z"}
{"level":"error","message":"unrecognized option to $unwind stage: preserveNullAndEmpty - GET /api/laptop/dashboard?page=1","timestamp":"2026-03-10T15:10:42.129Z"}
{"level":"error","message":"Transaction numbers are only allowed on a replica set member or mongos - POST /api/assignment/assign","timestamp":"2026-03-10T15:11:48.278Z"}
{"level":"error","message":"unrecognized option to $unwind stage: preserveNullAndEmpty - GET /api/laptop/dashboard?page=1","timestamp":"2026-03-10T15:11:59.442Z"}
{"level":"error","message":"unrecognized option to $unwind stage: preserveNullAndEmpty - GET /api/laptop/dashboard?page=1","timestamp":"2026-03-10T15:11:59.456Z"}
{"level":"error","message":"unrecognized option to $unwind stage: preserveNullAndEmpty - GET /api/laptop/dashboard?page=1","timestamp":"2026-03-10T15:17:02.754Z"}
{"level":"error","message":"unrecognized option to $unwind stage: preserveNullAndEmpty - GET /api/laptop/dashboard?page=1","timestamp":"2026-03-10T15:17:02.777Z"}
{"level":"error","message":"unrecognized option to $unwind stage: preserveNullAndEmpty - GET /api/laptop/dashboard?page=1","timestamp":"2026-03-10T15:17:15.226Z"}
{"level":"error","message":"unrecognized option to $unwind stage: preserveNullAndEmpty - GET /api/laptop/dashboard?page=1","timestamp":"2026-03-10T15:17:15.249Z"}
{"level":"error","message":"unrecognized option to $unwind stage: preserveNullAndEmpty - GET /api/laptop/dashboard?page=1","timestamp":"2026-03-10T15:17:20.864Z"}
{"level":"error","message":"unrecognized option to $unwind stage: preserveNullAndEmpty - GET /api/laptop/dashboard?page=1","timestamp":"2026-03-10T15:17:20.885Z"}
{"level":"error","message":"unrecognized option to $unwind stage: preserveNullAndEmpty - GET /api/laptop/dashboard?status=assigned&page=1","timestamp":"2026-03-10T15:17:23.498Z"}
{"level":"error","message":"unrecognized option to $unwind stage: preserveNullAndEmpty - GET /api/laptop/dashboard?page=1","timestamp":"2026-03-10T15:17:25.426Z"}
{"level":"error","message":"Invalid credentials - POST /api/auth/login","timestamp":"2026-03-10T15:18:13.143Z"}
{"level":"error","message":"Transaction numbers are only allowed on a replica set member or mongos - POST /api/assignment/assign","timestamp":"2026-03-10T15:19:04.568Z"}
{"level":"error","message":"Transaction numbers are only allowed on a replica set member or mongos - POST /api/assignment/assign","timestamp":"2026-03-10T15:19:07.308Z"}
{"level":"error","message":"Transaction numbers are only allowed on a replica set member or mongos - POST /api/assignment/assign","timestamp":"2026-03-10T15:19:07.477Z"}
{"level":"error","message":"Transaction numbers are only allowed on a replica set member or mongos - POST /api/assignment/assign","timestamp":"2026-03-10T15:19:07.660Z"}
{"level":"error","message":"unrecognized option to $unwind stage: preserveNullAndEmpty - GET /api/laptop/dashboard?page=1","timestamp":"2026-03-10T15:21:30.563Z"}
{"level":"error","message":"unrecognized option to $unwind stage: preserveNullAndEmpty - GET /api/laptop/dashboard?page=1","timestamp":"2026-03-10T15:21:30.590Z"}
{"level":"error","message":"Transaction numbers are only allowed on a replica set member or mongos - POST /api/assignment/assign","timestamp":"2026-03-10T15:22:39.634Z"}
{"level":"error","message":"Transaction numbers are only allowed on a replica set member or mongos - POST /api/assignment/assign","timestamp":"2026-03-10T15:23:38.019Z"}
{"level":"error","message":"unrecognized option to $unwind stage: preserveNullAndEmpty - GET /api/laptop/dashboard?page=1","timestamp":"2026-03-10T15:32:51.186Z"}
{"level":"error","message":"unrecognized option to $unwind stage: preserveNullAndEmpty - GET /api/laptop/dashboard?page=1","timestamp":"2026-03-10T15:32:51.218Z"}
{"level":"error","message":"unrecognized option to $unwind stage: preserveNullAndEmpty - GET /api/laptop/dashboard?page=1","timestamp":"2026-03-10T15:33:16.617Z"}
{"level":"error","message":"unrecognized option to $unwind stage: preserveNullAndEmpty - GET /api/laptop/dashboard?page=1","timestamp":"2026-03-10T15:33:16.640Z"}
{"level":"error","message":"unrecognized option to $unwind stage: preserveNullAndEmpty - GET /api/laptop/dashboard?page=1","timestamp":"2026-03-25T13:29:06.025Z"}
{"level":"error","message":"unrecognized option to $unwind stage: preserveNullAndEmpty - GET /api/laptop/dashboard?page=1","timestamp":"2026-03-25T13:29:06.055Z"}
{"level":"error","message":"unrecognized option to $unwind stage: preserveNullAndEmpty - GET /api/laptop/dashboard?status=available&page=1","timestamp":"2026-03-25T13:30:11.773Z"}
{"level":"error","message":"unrecognized option to $unwind stage: preserveNullAndEmpty - GET /api/laptop/dashboard?page=1","timestamp":"2026-03-25T13:30:17.891Z"}
{"level":"error","message":"unrecognized option to $unwind stage: preserveNullAndEmpty - GET /api/laptop/dashboard?status=maintenance&page=1","timestamp":"2026-03-25T13:30:21.508Z"}
{"level":"error","message":"unrecognized option to $unwind stage: preserveNullAndEmpty - GET /api/laptop/dashboard?page=1","timestamp":"2026-03-25T13:31:14.122Z"}
{"level":"error","message":"unrecognized option to $unwind stage: preserveNullAndEmpty - GET /api/laptop/dashboard?page=1","timestamp":"2026-03-25T13:31:14.143Z"}
{"level":"error","message":"Laptop validation failed: trayId: Cast to ObjectId failed for value \"\" (type string) at path \"trayId\" because of \"BSONError\" - POST /api/laptop","timestamp":"2026-03-25T14:10:10.338Z"}
{"level":"error","message":"Transaction numbers are only allowed on a replica set member or mongos - POST /api/assignment/assign","timestamp":"2026-03-25T14:12:14.159Z"}
{"level":"error","message":"Transaction numbers are only allowed on a replica set member or mongos - POST /api/assignment/assign","timestamp":"2026-03-25T14:12:29.908Z"}
{"level":"error","message":"Transaction numbers are only allowed on a replica set member or mongos - POST /api/assignment/assign","timestamp":"2026-03-25T14:16:10.410Z"}
{"level":"error","message":"Transaction numbers are only allowed on a replica set member or mongos - POST /api/assignment/assign","timestamp":"2026-03-25T14:17:55.024Z"}
{"level":"error","message":"Transaction numbers are only allowed on a replica set member or mongos - POST /api/assignment/assign","timestamp":"2026-03-25T14:18:22.436Z"}
{"level":"error","message":"Employee already has an assigned laptop - POST /api/assignment/assign","timestamp":"2026-03-25T15:06:42.947Z"}
{"level":"error","message":"Employee already has an assigned laptop - POST /api/assignment/assign","timestamp":"2026-03-25T15:16:56.233Z"}
{"level":"error","message":"Invalid credentials - POST /api/auth/login","timestamp":"2026-04-13T17:09:49.758Z"}
{"level":"error","message":"Invalid credentials - POST /api/auth/login","timestamp":"2026-04-13T17:21:36.277Z"}
{"level":"error","message":"Invalid credentials - POST /api/auth/login","timestamp":"2026-04-13T17:21:39.593Z"}
{"level":"error","message":"Invalid credentials - POST /api/auth/login","timestamp":"2026-04-13T17:21:52.104Z"}
{"level":"error","message":"Invalid credentials - POST /api/auth/login","timestamp":"2026-04-13T17:22:17.651Z"}
{"level":"error","message":"Invalid credentials - POST /api/auth/login","timestamp":"2026-04-13T17:22:30.671Z"}
{"level":"error","message":"Invalid credentials - POST /api/auth/login","timestamp":"2026-04-13T17:24:07.942Z"}
{"level":"error","message":"MongoDB connection error: connect ECONNREFUSED ::1:27017, connect ECONNREFUSED 127.0.0.1:27017","timestamp":"2026-04-15T07:20:49.509Z"}
{"level":"error","message":"MongoDB connection error: connect ECONNREFUSED ::1:27017, connect ECONNREFUSED 127.0.0.1:27017","timestamp":"2026-04-15T08:32:21.603Z"}
{"level":"error","message":"MongoDB connection error: Could not connect to any servers in your MongoDB Atlas cluster. One common reason is that you're trying to access the database from an IP that isn't whitelisted. Make sure your current IP address is on your Atlas cluster's IP whitelist: https://www.mongodb.com/docs/atlas/security-whitelist/","timestamp":"2026-04-15T08:43:46.182Z"}
{"level":"error","message":"MongoDB connection error: querySrv ENOTFOUND _mongodb._tcp.cluster0.btrqbvf.mongodb.net","timestamp":"2026-04-15T08:58:47.657Z"}
{"level":"error","message":"User no longer exists - GET /api/laptop?page=1&limit=20","timestamp":"2026-04-16T06:49:18.965Z"}
{"level":"error","message":"User no longer exists - GET /api/tray?status=free&limit=100","timestamp":"2026-04-16T06:49:18.978Z"}
{"level":"error","message":"User no longer exists - GET /api/tickets?limit=1&status=open","timestamp":"2026-04-16T06:49:18.983Z"}
{"level":"error","message":"User no longer exists - GET /api/laptop?page=1&limit=20","timestamp":"2026-04-16T06:49:19.004Z"}
{"level":"error","message":"User no longer exists - GET /api/tray?status=free&limit=100","timestamp":"2026-04-16T06:49:19.011Z"}
{"level":"error","message":"User no longer exists - GET /api/tickets?limit=1&status=open","timestamp":"2026-04-16T06:49:19.025Z"}
{"level":"error","message":"Laptop validation failed: trayId: Cast to ObjectId failed for value \"\" (type string) at path \"trayId\" because of \"BSONError\" - POST /api/laptop","timestamp":"2026-04-16T06:50:04.610Z"}
{"level":"error","message":"Laptop validation failed: trayId: Cast to ObjectId failed for value \"\" (type string) at path \"trayId\" because of \"BSONError\" - POST /api/laptop","timestamp":"2026-04-16T06:50:38.249Z"}
{"level":"error","message":"Invalid credentials - POST /api/auth/login","timestamp":"2026-04-16T07:09:54.363Z"}
{"level":"error","message":"Laptop validation failed: trayId: Cast to ObjectId failed for value \"\" (type string) at path \"trayId\" because of \"BSONError\" - POST /api/laptop","timestamp":"2026-04-16T07:48:59.787Z"}
{"level":"error","message":"Invalid credentials - POST /api/auth/login","timestamp":"2026-04-16T07:55:53.669Z"}
